{
  "stats": {
    "suites": 1,
    "tests": 3,
    "passes": 3,
    "pending": 0,
    "failures": 0,
    "start": "2025-06-24T22:28:53.737Z",
    "end": "2025-06-24T22:28:59.383Z",
    "duration": 5646,
    "testsRegistered": 3,
    "passPercent": 100,
    "pendingPercent": 0,
    "other": 0,
    "hasOther": false,
    "skipped": 0,
    "hasSkipped": false
  },
  "results": [
    {
      "uuid": "0300eb3e-9a81-4d7b-994a-c5d7d645b3b0",
      "title": "",
      "fullFile": "cypress\\e2e\\Teste.cy.js",
      "file": "cypress\\e2e\\Teste.cy.js",
      "beforeHooks": [],
      "afterHooks": [],
      "tests": [],
      "suites": [
        {
          "uuid": "577df58a-cad7-402c-92e3-650e761d0c61",
          "title": "Validações de Categorias",
          "fullFile": "",
          "file": "",
          "beforeHooks": [],
          "afterHooks": [],
          "tests": [
            {
              "title": "categories should be visible",
              "fullTitle": "Validações de Categorias categories should be visible",
              "timedOut": null,
              "duration": 2451,
              "state": "passed",
              "speed": "fast",
              "pass": true,
              "fail": false,
              "pending": false,
              "context": null,
              "code": "cy.intercept('GET', '**/public/getCategories', {\n  fixture: 'categories.json'\n}).as('getCategories');\nhomePage.openSearchProduct();\nhomePage.openCategoriesFilter();\nhomePage.categories().should('have.length.greaterThan', 50);",
              "err": {},
              "uuid": "d68ae057-85b9-4cba-a8c3-404c82a7f3fa",
              "parentUUID": "577df58a-cad7-402c-92e3-650e761d0c61",
              "isHook": false,
              "skipped": false
            },
            {
              "title": "categories should be empty",
              "fullTitle": "Validações de Categorias categories should be empty",
              "timedOut": null,
              "duration": 1549,
              "state": "passed",
              "speed": "fast",
              "pass": true,
              "fail": false,
              "pending": false,
              "context": null,
              "code": "cy.intercept('GET', '**/public/getCategories', {\n  fixture: 'noCategories.json'\n}).as('getCategoriesEmpty');\nhomePage.openSearchProduct();\nhomePage.openCategoriesFilter();\nhomePage.categories().should('have.length', 1);",
              "err": {},
              "uuid": "cf9a0723-9dda-4184-9693-de599a94f722",
              "parentUUID": "577df58a-cad7-402c-92e3-650e761d0c61",
              "isHook": false,
              "skipped": false
            },
            {
              "title": "categories should be empty with error",
              "fullTitle": "Validações de Categorias categories should be empty with error",
              "timedOut": null,
              "duration": 1548,
              "state": "passed",
              "speed": "fast",
              "pass": true,
              "fail": false,
              "pending": false,
              "context": null,
              "code": "cy.intercept('GET', '**/public/getCategories', {\n  statusCode: 500\n}).as('getCategoriesError');\nhomePage.openSearchProduct();\nhomePage.openCategoriesFilter();\nhomePage.categories().should('have.length', 1);",
              "err": {},
              "uuid": "ab334ac5-05d6-4f7b-9150-4d51f79ed5fa",
              "parentUUID": "577df58a-cad7-402c-92e3-650e761d0c61",
              "isHook": false,
              "skipped": false
            }
          ],
          "suites": [],
          "passes": [
            "d68ae057-85b9-4cba-a8c3-404c82a7f3fa",
            "cf9a0723-9dda-4184-9693-de599a94f722",
            "ab334ac5-05d6-4f7b-9150-4d51f79ed5fa"
          ],
          "failures": [],
          "pending": [],
          "skipped": [],
          "duration": 5548,
          "root": false,
          "rootEmpty": false,
          "_timeout": 2000
        }
      ],
      "passes": [],
      "failures": [],
      "pending": [],
      "skipped": [],
      "duration": 0,
      "root": true,
      "rootEmpty": true,
      "_timeout": 2000
    }
  ],
  "meta": {
    "mocha": {
      "version": "7.2.0"
    },
    "mochawesome": {
      "options": {
        "quiet": false,
        "reportFilename": "mochawesome",
        "saveHtml": true,
        "saveJson": true,
        "consoleReporter": "spec",
        "useInlineDiffs": false,
        "code": true
      },
      "version": "7.1.3"
    },
    "marge": {
      "options": {
        "reportDir": "mochawesome-report",
        "overwrite": false,
        "html": true,
        "json": true
      },
      "version": "6.2.0"
    }
  }
}