{
  "stats": {
    "suites": 1,
    "tests": 3,
    "passes": 3,
    "pending": 0,
    "failures": 0,
    "start": "2025-06-24T21:53:38.442Z",
    "end": "2025-06-24T21:53:44.454Z",
    "duration": 6012,
    "testsRegistered": 3,
    "passPercent": 100,
    "pendingPercent": 0,
    "other": 0,
    "hasOther": false,
    "skipped": 0,
    "hasSkipped": false
  },
  "results": [
    {
      "uuid": "f9388f21-3dee-4305-bdd1-7f40e25a6b89",
      "title": "",
      "fullFile": "cypress\\e2e\\Teste.cy.js",
      "file": "cypress\\e2e\\Teste.cy.js",
      "beforeHooks": [],
      "afterHooks": [],
      "tests": [],
      "suites": [
        {
          "uuid": "688e971b-d1c6-47e0-875f-9cbf1113ace7",
          "title": "Validações de Categorias",
          "fullFile": "",
          "file": "",
          "beforeHooks": [],
          "afterHooks": [],
          "tests": [
            {
              "title": "categories should be visible",
              "fullTitle": "Validações de Categorias categories should be visible",
              "timedOut": null,
              "duration": 2576,
              "state": "passed",
              "speed": "fast",
              "pass": true,
              "fail": false,
              "pending": false,
              "context": null,
              "code": "cy.intercept('GET', '**/public/getCategories', {\n  fixture: 'categories.json'\n}).as('getCategories');\nhomePage.openSearchProduct();\nhomePage.openCategoriesFilter();\nhomePage.categories().should('have.length.greaterThan', 50);",
              "err": {},
              "uuid": "4f0c71bf-63f7-4d5c-8f13-ca00c3bc8bf5",
              "parentUUID": "688e971b-d1c6-47e0-875f-9cbf1113ace7",
              "isHook": false,
              "skipped": false
            },
            {
              "title": "categories should be empty",
              "fullTitle": "Validações de Categorias categories should be empty",
              "timedOut": null,
              "duration": 1653,
              "state": "passed",
              "speed": "fast",
              "pass": true,
              "fail": false,
              "pending": false,
              "context": null,
              "code": "cy.intercept('GET', '**/public/getCategories', {\n  fixture: 'noCategories.json'\n}).as('getCategoriesEmpty');\nhomePage.openSearchProduct();\nhomePage.openCategoriesFilter();\nhomePage.categories().should('have.length', 1);",
              "err": {},
              "uuid": "314ed3ad-ffb6-4ced-b582-265cd7c6eb7b",
              "parentUUID": "688e971b-d1c6-47e0-875f-9cbf1113ace7",
              "isHook": false,
              "skipped": false
            },
            {
              "title": "categories should be empty with error",
              "fullTitle": "Validações de Categorias categories should be empty with error",
              "timedOut": null,
              "duration": 1692,
              "state": "passed",
              "speed": "fast",
              "pass": true,
              "fail": false,
              "pending": false,
              "context": null,
              "code": "cy.intercept('GET', '**/public/getCategories', {\n  statusCode: 500\n}).as('getCategoriesError');\nhomePage.openSearchProduct();\nhomePage.openCategoriesFilter();\nhomePage.categories().should('have.length', 1);",
              "err": {},
              "uuid": "38f955a8-d334-4a81-a7b9-e7a2aa20fc00",
              "parentUUID": "688e971b-d1c6-47e0-875f-9cbf1113ace7",
              "isHook": false,
              "skipped": false
            }
          ],
          "suites": [],
          "passes": [
            "4f0c71bf-63f7-4d5c-8f13-ca00c3bc8bf5",
            "314ed3ad-ffb6-4ced-b582-265cd7c6eb7b",
            "38f955a8-d334-4a81-a7b9-e7a2aa20fc00"
          ],
          "failures": [],
          "pending": [],
          "skipped": [],
          "duration": 5921,
          "root": false,
          "rootEmpty": false,
          "_timeout": 2000
        }
      ],
      "passes": [],
      "failures": [],
      "pending": [],
      "skipped": [],
      "duration": 0,
      "root": true,
      "rootEmpty": true,
      "_timeout": 2000
    }
  ],
  "meta": {
    "mocha": {
      "version": "7.2.0"
    },
    "mochawesome": {
      "options": {
        "quiet": false,
        "reportFilename": "mochawesome",
        "saveHtml": true,
        "saveJson": true,
        "consoleReporter": "spec",
        "useInlineDiffs": false,
        "code": true
      },
      "version": "7.1.3"
    },
    "marge": {
      "options": {
        "reportDir": "mochawesome-report",
        "overwrite": false,
        "html": true,
        "json": true
      },
      "version": "6.2.0"
    }
  }
}